<?xml version="1.0" encoding="UTF-8"?>
<testng-results ignored="0" total="1" passed="1" failed="0" skipped="0">
  <reporter-output>
  </reporter-output>
  <suite started-at="2023-07-29T13:22:42 IST" name="Default suite" finished-at="2023-07-29T13:22:54 IST" duration-ms="12699">
    <groups>
    </groups>
    <test started-at="2023-07-29T13:22:42 IST" name="Default test" finished-at="2023-07-29T13:22:54 IST" duration-ms="12699">
      <class name="seleniumbasics.NewTest">
        <test-method signature="loginTest()[pri:0, instance:seleniumbasics.NewTest@3e27ba32]" started-at="2023-07-29T13:22:42 IST" name="loginTest" finished-at="2023-07-29T13:22:54 IST" duration-ms="12616" status="PASS">
          <reporter-output>
          </reporter-output>
        </test-method> <!-- loginTest -->
      </class> <!-- seleniumbasics.NewTest -->
    </test> <!-- Default test -->
  </suite> <!-- Default suite -->
</testng-results>
